
> dms@0.1.0 dev
> next dev

   ▲ Next.js 15.5.7
   - Local:        http://localhost:3000
   - Network:      http://72.61.245.183:3000

 ✓ Starting...
 ✓ Ready in 2.2s
 ○ Compiling /middleware ...
 ✓ Compiled /middleware in 609ms (115 modules)
 ○ Compiling / ...

[2m[719.21ms][22m [@tailwindcss/postcss] src/app/globals.css
[2m[  0.10ms][22m  [2m ↳ [22mQuick bail check
[2m[366.90ms][22m  [2m ↳ [22mSetup compiler
[2m[  0.51ms][22m    [2m ↳ [22mPostCSS AST -> Tailwind CSS AST
[2m[366.34ms][22m    [2m ↳ [22mCreate compiler
[2m[  0.15ms][22m  [2m ↳ [22mRegister full rebuild paths
[2m[ 17.04ms][22m  [2m ↳ [22mSetup scanner
[2m[116.08ms][22m  [2m ↳ [22mScan for candidates
[2m[ 49.84ms][22m  [2m ↳ [22mRegister dependency messages
[2m[133.04ms][22m  [2m ↳ [22mBuild utilities
[2m[ 27.66ms][22m  [2m ↳ [22mTransform Tailwind CSS AST into PostCSS AST
[2m[  7.79ms][22m  [2m ↳ [22mUpdate PostCSS AST

 ✓ Compiled / in 8.6s (947 modules)
 GET / 200 in 9919ms
 ⚠ Cross origin request detected from 72.61.245.183 to /_next/* resource. In a future major version of Next.js, you will need to explicitly configure "allowedDevOrigins" in next.config to allow this.
Read more: https://nextjs.org/docs/app/api-reference/config/next-config-js/allowedDevOrigins
 ✓ Compiled /favicon.ico in 322ms (563 modules)
 GET /favicon.ico 200 in 569ms
 ○ Compiling /dashboard ...

[2m[103.75ms][22m [@tailwindcss/postcss] src/app/globals.css
[2m[  0.01ms][22m  [2m ↳ [22mQuick bail check
[2m[  0.10ms][22m  [2m ↳ [22mRegister full rebuild paths
[2m[ 33.35ms][22m  [2m ↳ [22mScan for candidates
[2m[ 25.96ms][22m  [2m ↳ [22mRegister dependency messages
[2m[  2.93ms][22m  [2m ↳ [22mBuild utilities
[2m[ 38.17ms][22m  [2m ↳ [22mUpdate PostCSS AST

 ✓ Compiled /dashboard in 1064ms (1007 modules)
 GET /dashboard 200 in 1271ms
 GET /dashboard 200 in 64ms
 ○ Compiling /parts-issue-approvals ...
 ✓ Compiled /parts-issue-approvals in 516ms (1008 modules)
 GET /parts-issue-approvals 200 in 682ms
 ○ Compiling /reports ...
 ✓ Compiled /reports in 752ms (1044 modules)
 GET /reports 200 in 836ms
 ○ Compiling /finance ...
 ✓ Compiled /finance in 1282ms (1061 modules)
 GET /finance 200 in 1505ms
 ○ Compiling /inventory ...
 ✓ Compiled /inventory in 1638ms (1076 modules)
 GET /inventory 200 in 1756ms
 GET /finance 200 in 42ms
 GET /reports 200 in 61ms
 ○ Compiling /complaints ...
 ✓ Compiled /complaints in 516ms (1085 modules)
 GET /complaints 200 in 669ms
 ○ Compiling /audit-logs ...
 ✓ Compiled /audit-logs in 503ms (1096 modules)
 GET /audit-logs 200 in 580ms
 ✓ Compiled /servicecenters in 464ms (1107 modules)
 GET /servicecenters 200 in 585ms
 GET / 200 in 45ms
