2026-01-26 14:23:00 +00:00: 
> dms@0.1.0 start
> next start

2026-01-26 14:23:01 +00:00: 2026-01-26 14:23:01 +00:00: 
> dms@0.1.0 start
> next start

2026-01-26 14:23:01 +00:00: 2026-01-26 14:23:02 +00:00: 
> dms@0.1.0 start
> next start

2026-01-26 14:23:02 +00:00: 2026-01-26 14:23:02 +00:00: 
> dms@0.1.0 start
> next start

2026-01-26 14:23:03 +00:00: 2026-01-26 14:23:03 +00:00: 
> dms@0.1.0 start
> next start

2026-01-26 14:23:04 +00:00: 2026-01-26 14:23:04 +00:00: 
> dms@0.1.0 start
> next start

2026-01-26 14:23:04 +00:00: 2026-01-26 14:23:05 +00:00: 
> dms@0.1.0 start
> next start

2026-01-26 14:23:05 +00:00: 2026-01-26 14:23:05 +00:00: 
> dms@0.1.0 start
> next start

2026-01-26 14:23:06 +00:00: 2026-01-26 14:23:06 +00:00: 
> dms@0.1.0 start
> next start

2026-01-26 14:23:07 +00:00: 2026-01-26 14:23:07 +00:00: 
> dms@0.1.0 start
> next start

2026-01-26 14:23:08 +00:00: 2026-01-26 14:23:08 +00:00: 
> dms@0.1.0 start
> next start

2026-01-26 14:23:08 +00:00: 2026-01-26 14:23:08 +00:00: 
> dms@0.1.0 start
> next start

2026-01-26 14:23:09 +00:00: 2026-01-26 14:23:09 +00:00: 
> dms@0.1.0 start
> next start

2026-01-26 14:23:10 +00:00: 2026-01-26 14:23:10 +00:00: 
> dms@0.1.0 start
> next start

2026-01-26 14:23:10 +00:00: 2026-01-26 14:23:11 +00:00: 
> dms@0.1.0 start
> next start

2026-01-26 14:23:11 +00:00: 2026-01-26 14:23:11 +00:00: 
> dms@0.1.0 start
> next start

2026-01-26 14:23:12 +00:00: 2026-01-26 14:24:45 +00:00: 
> dms@0.1.0 start
> next start

2026-01-26 18:52:20 +00:00: 2026-01-26 18:52:20 +00:00: 
> dms@0.1.0 start
> next start

2026-01-26 19:17:47 +00:00: 2026-01-26 19:17:47 +00:00: 
> dms@0.1.0 start
> next start

2026-01-26 19:25:14 +00:00: 2026-01-26 19:25:14 +00:00: 
> dms@0.1.0 start
> next start

2026-01-26 19:38:54 +00:00: 2026-01-26 19:38:54 +00:00: 
> dms@0.1.0 start
> next start

2026-01-26 19:38:54 +00:00: 2026-01-26 19:38:55 +00:00: 
> dms@0.1.0 start
> next start

2026-01-26 19:38:55 +00:00: 2026-01-26 19:38:55 +00:00: 
> dms@0.1.0 start
> next start

2026-01-26 19:38:55 +00:00: 2026-01-26 19:38:56 +00:00: 
> dms@0.1.0 start
> next start

2026-01-26 19:38:56 +00:00: 2026-01-26 19:38:56 +00:00: 
> dms@0.1.0 start
> next start

2026-01-26 19:38:56 +00:00: 2026-01-26 19:38:57 +00:00: 
> dms@0.1.0 start
> next start

2026-01-26 19:38:57 +00:00: 2026-01-26 19:38:57 +00:00: 
> dms@0.1.0 start
> next start

2026-01-26 19:38:57 +00:00: 2026-01-26 19:38:58 +00:00: 
> dms@0.1.0 start
> next start

2026-01-26 19:38:58 +00:00: 2026-01-26 19:38:58 +00:00: 
> dms@0.1.0 start
> next start

2026-01-26 19:38:59 +00:00: 2026-01-26 19:38:59 +00:00: 
> dms@0.1.0 start
> next start

2026-01-26 19:38:59 +00:00: 2026-01-26 19:38:59 +00:00: 
> dms@0.1.0 start
> next start

2026-01-26 19:39:00 +00:00: 2026-01-26 19:39:00 +00:00: 
> dms@0.1.0 start
> next start

2026-01-26 19:39:01 +00:00: 2026-01-26 19:39:01 +00:00: 
> dms@0.1.0 start
> next start

2026-01-26 19:39:03 +00:00: 2026-01-26 19:39:04 +00:00: 
> dms@0.1.0 start
> next start

2026-01-26 19:39:04 +00:00: 2026-01-26 19:39:05 +00:00: 
> dms@0.1.0 start
> next start

2026-01-26 19:39:06 +00:00: 2026-01-26 19:39:06 +00:00: 
> dms@0.1.0 start
> next start

2026-01-26 19:39:06 +00:00: 2026-01-26 19:39:07 +00:00: 
> dms@0.1.0 start
> next start

2026-01-26 19:39:07 +00:00: 2026-01-26 19:39:08 +00:00: 
> dms@0.1.0 start
> next start

2026-01-26 19:39:08 +00:00: 2026-01-26 19:39:08 +00:00: 
> dms@0.1.0 start
> next start

2026-01-26 19:39:09 +00:00: 2026-01-26 19:39:09 +00:00: 
> dms@0.1.0 start
> next start

2026-01-26 19:39:09 +00:00: 2026-01-26 19:39:10 +00:00: 
> dms@0.1.0 start
> next start

2026-01-26 19:39:10 +00:00: 2026-01-26 19:39:10 +00:00: 
> dms@0.1.0 start
> next start

2026-01-26 19:39:11 +00:00: 2026-01-26 19:39:11 +00:00: 
> dms@0.1.0 start
> next start

2026-01-26 19:39:11 +00:00: 2026-01-26 19:39:12 +00:00: 
> dms@0.1.0 start
> next start

2026-01-26 19:39:12 +00:00: 2026-01-26 19:39:12 +00:00: 
> dms@0.1.0 start
> next start

2026-01-26 19:39:13 +00:00: 2026-01-26 19:39:13 +00:00: 
> dms@0.1.0 start
> next start

2026-01-26 19:39:13 +00:00: 2026-01-26 19:39:13 +00:00: 
> dms@0.1.0 start
> next start

2026-01-26 19:39:14 +00:00: 2026-01-26 19:39:14 +00:00: 
> dms@0.1.0 start
> next start

2026-01-26 19:39:14 +00:00: 2026-01-26 19:39:14 +00:00: 
> dms@0.1.0 start
> next start

2026-01-26 19:39:15 +00:00: 2026-01-26 19:39:15 +00:00: 
> dms@0.1.0 start
> next start

2026-01-26 19:39:15 +00:00: 2026-01-26 19:39:16 +00:00: 
> dms@0.1.0 start
> next start

2026-01-26 19:39:16 +00:00: 2026-01-26 19:39:16 +00:00: 
> dms@0.1.0 start
> next start

2026-01-26 19:39:16 +00:00: 2026-01-26 19:39:17 +00:00: 
> dms@0.1.0 start
> next start

2026-01-26 19:39:17 +00:00: 2026-01-26 19:39:17 +00:00: 
> dms@0.1.0 start
> next start

2026-01-26 19:39:18 +00:00: 2026-01-26 19:39:18 +00:00: 
> dms@0.1.0 start
> next start

2026-01-26 19:39:18 +00:00: 2026-01-26 19:39:18 +00:00: 
> dms@0.1.0 start
> next start

2026-01-26 19:39:19 +00:00: 2026-01-26 19:39:19 +00:00: 
> dms@0.1.0 start
> next start

2026-01-26 19:39:19 +00:00: 2026-01-26 19:39:19 +00:00: 
> dms@0.1.0 start
> next start

2026-01-26 19:39:20 +00:00: 2026-01-26 19:39:20 +00:00: 
> dms@0.1.0 start
> next start

2026-01-26 19:39:20 +00:00: 2026-01-26 19:39:20 +00:00: 
> dms@0.1.0 start
> next start

2026-01-26 19:39:21 +00:00: 2026-01-26 19:39:21 +00:00: 
> dms@0.1.0 start
> next start

2026-01-26 19:39:21 +00:00: 2026-01-26 19:39:22 +00:00: 
> dms@0.1.0 start
> next start

2026-01-26 19:39:22 +00:00: 2026-01-26 19:39:22 +00:00: 
> dms@0.1.0 start
> next start

2026-01-26 19:39:22 +00:00: 2026-01-26 19:39:23 +00:00: 
> dms@0.1.0 start
> next start

2026-01-26 19:39:23 +00:00: 2026-01-26 19:39:23 +00:00: 
> dms@0.1.0 start
> next start

2026-01-26 19:39:24 +00:00: 2026-01-26 19:39:24 +00:00: 
> dms@0.1.0 start
> next start

2026-01-26 19:39:24 +00:00: 2026-01-26 19:39:24 +00:00: 
> dms@0.1.0 start
> next start

2026-01-26 19:39:25 +00:00: 2026-01-26 19:39:25 +00:00: 
> dms@0.1.0 start
> next start

2026-01-26 19:39:25 +00:00: 2026-01-26 19:39:25 +00:00: 
> dms@0.1.0 start
> next start

2026-01-26 19:39:26 +00:00: 2026-01-26 19:39:26 +00:00: 
> dms@0.1.0 start
> next start

2026-01-26 19:39:26 +00:00: 2026-01-26 19:39:27 +00:00: 
> dms@0.1.0 start
> next start

2026-01-26 19:39:27 +00:00: 2026-01-26 19:39:27 +00:00: 
> dms@0.1.0 start
> next start

2026-01-26 19:39:28 +00:00: 2026-01-26 19:39:28 +00:00: 
> dms@0.1.0 start
> next start

2026-01-26 19:39:28 +00:00: 2026-01-26 19:39:28 +00:00: 
> dms@0.1.0 start
> next start

2026-01-26 19:39:29 +00:00: 2026-01-26 19:39:29 +00:00: 
> dms@0.1.0 start
> next start

2026-01-26 19:39:29 +00:00: 2026-01-26 19:39:30 +00:00: 
> dms@0.1.0 start
> next start

2026-01-26 19:39:30 +00:00: 2026-01-26 19:39:30 +00:00: 
> dms@0.1.0 start
> next start

2026-01-26 19:39:30 +00:00: 2026-01-26 19:39:31 +00:00: 
> dms@0.1.0 start
> next start

2026-01-26 19:39:31 +00:00: 2026-01-26 19:39:31 +00:00: 
> dms@0.1.0 start
> next start

2026-01-26 19:39:31 +00:00: 2026-01-26 19:39:32 +00:00: 
> dms@0.1.0 start
> next start

2026-01-26 19:39:32 +00:00: 2026-01-26 19:39:32 +00:00: 
> dms@0.1.0 start
> next start

2026-01-26 19:39:33 +00:00: 2026-01-26 19:39:33 +00:00: 
> dms@0.1.0 start
> next start

2026-01-26 19:39:33 +00:00: 2026-01-26 19:39:33 +00:00: 
> dms@0.1.0 start
> next start

2026-01-26 19:39:34 +00:00: 2026-01-26 19:39:34 +00:00: 
> dms@0.1.0 start
> next start

2026-01-26 19:39:34 +00:00: 2026-01-26 19:39:34 +00:00: 
> dms@0.1.0 start
> next start

2026-01-26 19:39:35 +00:00: 2026-01-26 19:39:35 +00:00: 
> dms@0.1.0 start
> next start

2026-01-26 19:39:35 +00:00: 2026-01-26 19:39:36 +00:00: 
> dms@0.1.0 start
> next start

2026-01-26 19:39:36 +00:00: 2026-01-26 19:39:36 +00:00: 
> dms@0.1.0 start
> next start

2026-01-26 19:39:36 +00:00: 2026-01-26 19:39:37 +00:00: 
> dms@0.1.0 start
> next start

2026-01-26 19:39:37 +00:00: 2026-01-26 19:39:37 +00:00: 
> dms@0.1.0 start
> next start

2026-01-26 19:39:38 +00:00: 2026-01-26 19:39:38 +00:00: 
> dms@0.1.0 start
> next start

2026-01-26 19:39:38 +00:00: 2026-01-26 19:39:38 +00:00: 
> dms@0.1.0 start
> next start

2026-01-26 19:39:39 +00:00: 2026-01-26 19:39:39 +00:00: 
> dms@0.1.0 start
> next start

2026-01-26 19:39:39 +00:00: 2026-01-26 19:39:39 +00:00: 
> dms@0.1.0 start
> next start

2026-01-26 19:39:40 +00:00: 2026-01-26 19:39:40 +00:00: 
> dms@0.1.0 start
> next start

2026-01-26 19:39:40 +00:00: 2026-01-26 19:39:40 +00:00: 
> dms@0.1.0 start
> next start

2026-01-26 19:39:41 +00:00: 2026-01-26 19:39:41 +00:00: 
> dms@0.1.0 start
> next start

2026-01-26 19:39:41 +00:00: 2026-01-26 19:39:41 +00:00: 
> dms@0.1.0 start
> next start

2026-01-26 19:39:42 +00:00: 2026-01-26 19:39:42 +00:00: 
> dms@0.1.0 start
> next start

2026-01-26 19:39:42 +00:00: 2026-01-26 19:39:42 +00:00: 
> dms@0.1.0 start
> next start

2026-01-26 19:39:43 +00:00: 2026-01-26 19:39:43 +00:00: 
> dms@0.1.0 start
> next start

2026-01-26 19:39:43 +00:00: 2026-01-26 19:39:43 +00:00: 
> dms@0.1.0 start
> next start

2026-01-26 19:39:44 +00:00: 2026-01-26 19:39:44 +00:00: 
> dms@0.1.0 start
> next start

2026-01-26 19:39:44 +00:00: 2026-01-26 19:39:45 +00:00: 
> dms@0.1.0 start
> next start

2026-01-26 19:39:45 +00:00: 2026-01-26 19:39:45 +00:00: 
> dms@0.1.0 start
> next start

2026-01-26 19:39:46 +00:00: 2026-01-26 19:39:46 +00:00: 
> dms@0.1.0 start
> next start

2026-01-26 19:39:46 +00:00: 2026-01-26 19:39:46 +00:00: 
> dms@0.1.0 start
> next start

2026-01-26 19:39:47 +00:00: 2026-01-26 19:39:47 +00:00: 
> dms@0.1.0 start
> next start

2026-01-26 19:39:48 +00:00: 2026-01-26 19:39:48 +00:00: 
> dms@0.1.0 start
> next start

2026-01-26 19:39:48 +00:00: 2026-01-26 19:39:49 +00:00: 
> dms@0.1.0 start
> next start

2026-01-26 19:39:49 +00:00: 2026-01-26 19:39:49 +00:00: 
> dms@0.1.0 start
> next start

2026-01-26 19:39:50 +00:00: 2026-01-26 19:39:50 +00:00: 
> dms@0.1.0 start
> next start

2026-01-26 19:39:50 +00:00: 2026-01-26 19:39:50 +00:00: 
> dms@0.1.0 start
> next start

2026-01-26 19:39:51 +00:00: 2026-01-26 19:39:51 +00:00: 
> dms@0.1.0 start
> next start

2026-01-26 19:39:52 +00:00: 2026-01-26 19:39:52 +00:00: 
> dms@0.1.0 start
> next start

2026-01-26 19:39:52 +00:00: 2026-01-26 19:39:52 +00:00: 
> dms@0.1.0 start
> next start

2026-01-26 19:39:53 +00:00: 2026-01-26 19:39:53 +00:00: 
> dms@0.1.0 start
> next start

2026-01-26 19:39:54 +00:00: 2026-01-26 19:39:54 +00:00: 
> dms@0.1.0 start
> next start

2026-01-26 19:39:54 +00:00: 2026-01-26 19:39:54 +00:00: 
> dms@0.1.0 start
> next start

2026-01-26 19:39:55 +00:00: 2026-01-26 19:39:55 +00:00: 
> dms@0.1.0 start
> next start

2026-01-26 19:39:56 +00:00: 2026-01-26 19:39:56 +00:00: 
> dms@0.1.0 start
> next start

2026-01-26 19:39:56 +00:00: 2026-01-26 19:39:56 +00:00: 
> dms@0.1.0 start
> next start

2026-01-26 19:39:57 +00:00: 2026-01-26 19:39:57 +00:00: 
> dms@0.1.0 start
> next start

2026-01-26 19:39:57 +00:00: 2026-01-26 19:39:57 +00:00: 
> dms@0.1.0 start
> next start

2026-01-26 19:39:58 +00:00: 2026-01-26 19:39:58 +00:00: 
> dms@0.1.0 start
> next start

2026-01-26 19:39:58 +00:00: 2026-01-26 19:39:58 +00:00: 
> dms@0.1.0 start
> next start

2026-01-26 19:39:59 +00:00: 2026-01-26 19:39:59 +00:00: 
> dms@0.1.0 start
> next start

2026-01-26 19:40:00 +00:00: 2026-01-26 19:40:00 +00:00: 
> dms@0.1.0 start
> next start

2026-01-26 19:40:00 +00:00: 2026-01-26 19:40:00 +00:00: 
> dms@0.1.0 start
> next start

2026-01-26 19:40:01 +00:00: 2026-01-26 19:40:01 +00:00: 
> dms@0.1.0 start
> next start

2026-01-26 19:40:02 +00:00: 2026-01-26 19:40:02 +00:00: 
> dms@0.1.0 start
> next start

2026-01-26 19:40:03 +00:00: 2026-01-26 19:40:03 +00:00: 
> dms@0.1.0 start
> next start

2026-01-26 19:40:04 +00:00: 2026-01-26 19:40:05 +00:00: 
> dms@0.1.0 start
> next start

2026-01-26 19:40:05 +00:00: 2026-01-26 19:40:05 +00:00: 
> dms@0.1.0 start
> next start

2026-01-26 19:40:06 +00:00: 2026-01-26 19:40:06 +00:00: 
> dms@0.1.0 start
> next start

2026-01-26 19:40:07 +00:00: 2026-01-26 19:40:07 +00:00: 
> dms@0.1.0 start
> next start

2026-01-26 19:40:07 +00:00: 2026-01-26 19:40:07 +00:00: 
> dms@0.1.0 start
> next start

2026-01-26 19:40:08 +00:00: 2026-01-26 19:40:08 +00:00: 
> dms@0.1.0 start
> next start

2026-01-26 19:40:09 +00:00: 2026-01-26 19:40:09 +00:00: 
> dms@0.1.0 start
> next start

2026-01-26 19:40:09 +00:00: 2026-01-26 19:40:09 +00:00: 
> dms@0.1.0 start
> next start

2026-01-26 19:40:10 +00:00: 2026-01-26 19:40:10 +00:00: 
> dms@0.1.0 start
> next start

2026-01-26 19:40:10 +00:00: 2026-01-26 19:40:11 +00:00: 
> dms@0.1.0 start
> next start

2026-01-26 19:40:11 +00:00: 2026-01-26 19:40:11 +00:00: 
> dms@0.1.0 start
> next start

2026-01-26 19:40:12 +00:00: 2026-01-26 19:40:12 +00:00: 
> dms@0.1.0 start
> next start

2026-01-26 19:40:13 +00:00: 2026-01-26 19:40:13 +00:00: 
> dms@0.1.0 start
> next start

2026-01-26 19:40:14 +00:00: 2026-01-26 19:40:14 +00:00: 
> dms@0.1.0 start
> next start

2026-01-26 19:40:15 +00:00: 2026-01-26 19:40:15 +00:00: 
> dms@0.1.0 start
> next start

2026-01-26 19:40:16 +00:00: 2026-01-26 19:40:16 +00:00: 
> dms@0.1.0 start
> next start

2026-01-26 19:40:17 +00:00: 2026-01-26 19:40:17 +00:00: 
> dms@0.1.0 start
> next start

2026-01-26 19:40:18 +00:00: 2026-01-26 19:40:18 +00:00: 
> dms@0.1.0 start
> next start

2026-01-26 19:40:19 +00:00: 2026-01-26 19:40:19 +00:00: 
> dms@0.1.0 start
> next start

2026-01-26 19:40:19 +00:00: 2026-01-26 19:40:20 +00:00: 
> dms@0.1.0 start
> next start

2026-01-26 19:40:20 +00:00: 2026-01-26 19:40:20 +00:00: 
> dms@0.1.0 start
> next start

2026-01-26 19:40:21 +00:00: 2026-01-26 19:40:21 +00:00: 
> dms@0.1.0 start
> next start

2026-01-26 19:40:21 +00:00: 2026-01-26 19:40:22 +00:00: 
> dms@0.1.0 start
> next start

2026-01-26 19:40:23 +00:00: 2026-01-26 19:40:23 +00:00: 
> dms@0.1.0 start
> next start

2026-01-26 19:40:23 +00:00: 2026-01-26 19:40:23 +00:00: 
> dms@0.1.0 start
> next start

2026-01-26 19:40:25 +00:00: 2026-01-26 19:40:25 +00:00: 
> dms@0.1.0 start
> next start

2026-01-26 19:40:26 +00:00: 2026-01-26 19:40:26 +00:00: 
> dms@0.1.0 start
> next start

2026-01-26 19:40:26 +00:00: 2026-01-26 19:40:26 +00:00: 
> dms@0.1.0 start
> next start

2026-01-26 19:40:27 +00:00: 2026-01-26 19:40:27 +00:00: 
> dms@0.1.0 start
> next start

2026-01-26 19:40:27 +00:00: 2026-01-26 19:40:28 +00:00: 
> dms@0.1.0 start
> next start

2026-01-26 19:40:29 +00:00: 2026-01-26 19:40:29 +00:00: 
> dms@0.1.0 start
> next start

2026-01-26 19:40:30 +00:00: 2026-01-26 19:40:31 +00:00: 
> dms@0.1.0 start
> next start

2026-01-26 19:40:32 +00:00: 2026-01-26 19:40:32 +00:00: 
> dms@0.1.0 start
> next start

2026-01-26 19:40:33 +00:00: 2026-01-26 19:40:34 +00:00: 
> dms@0.1.0 start
> next start

2026-01-26 19:40:34 +00:00: 2026-01-26 19:40:34 +00:00: 
> dms@0.1.0 start
> next start

2026-01-26 19:40:36 +00:00: 2026-01-26 19:40:37 +00:00: 
> dms@0.1.0 start
> next start

2026-01-26 19:40:37 +00:00: 2026-01-26 19:40:37 +00:00: 
> dms@0.1.0 start
> next start

2026-01-26 19:40:38 +00:00: 2026-01-26 19:40:38 +00:00: 
> dms@0.1.0 start
> next start

2026-01-26 19:40:38 +00:00: 2026-01-26 19:40:38 +00:00: 
> dms@0.1.0 start
> next start

2026-01-26 19:40:39 +00:00: 2026-01-26 19:40:39 +00:00: 
> dms@0.1.0 start
> next start

2026-01-26 19:40:39 +00:00: 2026-01-26 19:40:40 +00:00: 
> dms@0.1.0 start
> next start

2026-01-26 19:40:40 +00:00: 2026-01-26 19:40:40 +00:00: 
> dms@0.1.0 start
> next start

2026-01-26 19:40:41 +00:00: 2026-01-26 19:40:41 +00:00: 
> dms@0.1.0 start
> next start

2026-01-26 19:40:41 +00:00: 2026-01-26 19:40:41 +00:00: 
> dms@0.1.0 start
> next start

2026-01-26 19:40:42 +00:00: 2026-01-26 19:40:42 +00:00: 
> dms@0.1.0 start
> next start

2026-01-26 19:40:42 +00:00: 2026-01-26 19:40:42 +00:00: 
> dms@0.1.0 start
> next start

2026-01-26 19:40:43 +00:00: 2026-01-26 19:40:43 +00:00: 
> dms@0.1.0 start
> next start

2026-01-26 19:40:43 +00:00: 2026-01-26 19:40:44 +00:00: 
> dms@0.1.0 start
> next start

2026-01-26 19:40:44 +00:00: 2026-01-26 19:40:44 +00:00: 
> dms@0.1.0 start
> next start

2026-01-26 19:40:45 +00:00: 2026-01-26 19:40:45 +00:00: 
> dms@0.1.0 start
> next start

2026-01-26 19:40:45 +00:00: 2026-01-26 19:40:45 +00:00: 
> dms@0.1.0 start
> next start

2026-01-26 19:40:46 +00:00: 2026-01-26 19:40:46 +00:00: 
> dms@0.1.0 start
> next start

2026-01-26 19:40:46 +00:00: 2026-01-26 19:40:47 +00:00: 
> dms@0.1.0 start
> next start

2026-01-26 19:40:47 +00:00: 2026-01-26 19:40:47 +00:00: 
> dms@0.1.0 start
> next start

2026-01-26 19:40:48 +00:00: 2026-01-26 19:40:48 +00:00: 
> dms@0.1.0 start
> next start

2026-01-26 19:40:48 +00:00: 2026-01-26 19:40:48 +00:00: 
> dms@0.1.0 start
> next start

2026-01-26 19:40:49 +00:00: 2026-01-26 19:40:49 +00:00: 
> dms@0.1.0 start
> next start

2026-01-26 19:40:49 +00:00: 2026-01-26 19:40:49 +00:00: 
> dms@0.1.0 start
> next start

2026-01-26 19:40:51 +00:00: 2026-01-26 19:40:51 +00:00: 
> dms@0.1.0 start
> next start

2026-01-26 19:40:52 +00:00: 2026-01-26 19:40:53 +00:00: 
> dms@0.1.0 start
> next start

2026-01-26 19:40:54 +00:00: 2026-01-26 19:40:54 +00:00: 
> dms@0.1.0 start
> next start

2026-01-26 19:40:54 +00:00: 2026-01-26 19:40:54 +00:00: 
> dms@0.1.0 start
> next start

2026-01-26 19:40:55 +00:00: 2026-01-26 19:40:55 +00:00: 
> dms@0.1.0 start
> next start

2026-01-26 19:40:55 +00:00: 2026-01-26 19:40:56 +00:00: 
> dms@0.1.0 start
> next start

2026-01-26 19:40:56 +00:00: 2026-01-26 19:40:56 +00:00: 
> dms@0.1.0 start
> next start

2026-01-26 19:40:56 +00:00: 2026-01-26 19:40:57 +00:00: 
> dms@0.1.0 start
> next start

2026-01-26 19:40:57 +00:00: 2026-01-26 19:40:57 +00:00: 
> dms@0.1.0 start
> next start

2026-01-26 19:40:58 +00:00: 2026-01-26 19:40:58 +00:00: 
> dms@0.1.0 start
> next start

2026-01-26 19:40:58 +00:00: 2026-01-26 19:40:59 +00:00: 
> dms@0.1.0 start
> next start

2026-01-26 19:40:59 +00:00: 2026-01-26 19:40:59 +00:00: 
> dms@0.1.0 start
> next start

2026-01-26 19:41:00 +00:00: 2026-01-26 19:41:00 +00:00: 
> dms@0.1.0 start
> next start

2026-01-27 03:31:14 +00:00: 
> dms@0.1.0 start
> next start

2026-01-27 03:31:14 +00:00: 2026-01-27 03:31:18 +00:00: 
> dms@0.1.0 start
> next start

2026-01-27 03:31:18 +00:00: 2026-01-27 03:31:23 +00:00: 
> dms@0.1.0 start
> next start

2026-01-27 03:31:23 +00:00: 2026-01-27 03:31:27 +00:00: 
> dms@0.1.0 start
> next start

2026-01-27 03:31:27 +00:00: 2026-01-27 03:31:31 +00:00: 
> dms@0.1.0 start
> next start

2026-01-27 03:31:32 +00:00: 2026-01-27 03:31:36 +00:00: 
> dms@0.1.0 start
> next start

2026-01-27 03:31:36 +00:00: 2026-01-27 03:31:40 +00:00: 
> dms@0.1.0 start
> next start

2026-01-27 03:31:41 +00:00: 2026-01-27 03:31:45 +00:00: 
> dms@0.1.0 start
> next start

2026-01-27 03:31:45 +00:00: 2026-01-27 03:31:49 +00:00: 
> dms@0.1.0 start
> next start

2026-01-27 03:31:49 +00:00: 2026-01-27 03:31:54 +00:00: 
> dms@0.1.0 start
> next start

2026-01-27 03:31:54 +00:00: 2026-01-27 03:32:10 +00:00: 
> dms@0.1.0 start
> next start

2026-01-27 03:32:11 +00:00: 2026-01-27 03:32:15 +00:00: 
> dms@0.1.0 start
> next start

2026-01-27 03:32:15 +00:00: 2026-01-27 03:32:19 +00:00: 
> dms@0.1.0 start
> next start

2026-01-27 03:32:20 +00:00: 2026-01-27 03:32:24 +00:00: 
> dms@0.1.0 start
> next start

2026-01-27 03:32:24 +00:00: 2026-01-27 03:32:28 +00:00: 
> dms@0.1.0 start
> next start

2026-01-27 03:32:28 +00:00: 2026-01-27 03:32:33 +00:00: 
> dms@0.1.0 start
> next start

2026-01-27 03:32:33 +00:00: 2026-01-27 03:32:37 +00:00: 
> dms@0.1.0 start
> next start

2026-01-27 03:32:37 +00:00: 2026-01-27 03:32:42 +00:00: 
> dms@0.1.0 start
> next start

2026-01-27 03:32:42 +00:00: 2026-01-27 03:32:46 +00:00: 
> dms@0.1.0 start
> next start

2026-01-27 03:32:46 +00:00: 2026-01-27 03:32:51 +00:00: 
> dms@0.1.0 start
> next start

2026-01-27 03:32:51 +00:00: 2026-01-27 03:33:24 +00:00: 
> dms@0.1.0 start
> next start

2026-01-27 03:33:24 +00:00: 2026-01-27 03:33:28 +00:00: 
> dms@0.1.0 start
> next start

2026-01-27 03:33:28 +00:00: 2026-01-27 03:33:33 +00:00: 
> dms@0.1.0 start
> next start

2026-01-27 03:33:33 +00:00: 2026-01-27 03:33:37 +00:00: 
> dms@0.1.0 start
> next start

2026-01-27 03:33:37 +00:00: 2026-01-27 03:33:41 +00:00: 
> dms@0.1.0 start
> next start

2026-01-27 03:33:42 +00:00: 2026-01-27 03:33:46 +00:00: 
> dms@0.1.0 start
> next start

2026-01-27 03:33:46 +00:00: 2026-01-27 03:33:50 +00:00: 
> dms@0.1.0 start
> next start

2026-01-27 03:33:51 +00:00: 2026-01-27 03:33:55 +00:00: 
> dms@0.1.0 start
> next start

2026-01-27 03:33:55 +00:00: 2026-01-27 03:33:59 +00:00: 
> dms@0.1.0 start
> next start

2026-01-27 03:34:00 +00:00: 2026-01-27 03:34:04 +00:00: 
> dms@0.1.0 start
> next start

2026-01-27 03:34:04 +00:00: 2026-01-27 03:41:05 +00:00: 
> dms@0.1.0 start
> next start

2026-01-27 03:41:05 +00:00: 2026-01-27 03:41:09 +00:00: 
> dms@0.1.0 start
> next start

2026-01-27 03:41:09 +00:00: 2026-01-27 03:41:14 +00:00: 
> dms@0.1.0 start
> next start

2026-01-27 03:41:14 +00:00: 2026-01-27 03:41:18 +00:00: 
> dms@0.1.0 start
> next start

2026-01-27 03:41:18 +00:00: 2026-01-27 03:41:22 +00:00: 
> dms@0.1.0 start
> next start

2026-01-27 03:41:23 +00:00: 2026-01-27 03:41:27 +00:00: 
> dms@0.1.0 start
> next start

2026-01-27 03:41:27 +00:00: 2026-01-27 03:41:31 +00:00: 
> dms@0.1.0 start
> next start

2026-01-27 03:41:32 +00:00: 2026-01-27 03:41:36 +00:00: 
> dms@0.1.0 start
> next start

2026-01-27 03:41:36 +00:00: 2026-01-27 03:41:40 +00:00: 
> dms@0.1.0 start
> next start

2026-01-27 03:41:40 +00:00: 2026-01-27 03:41:45 +00:00: 
> dms@0.1.0 start
> next start

2026-01-27 03:41:45 +00:00: 2026-01-27 03:51:07 +00:00: 
> dms@0.1.0 start
> next start

2026-01-27 03:51:07 +00:00: 2026-01-27 03:51:11 +00:00: 
> dms@0.1.0 start
> next start

2026-01-27 03:51:11 +00:00: 2026-01-27 03:51:16 +00:00: 
> dms@0.1.0 start
> next start

2026-01-27 03:51:16 +00:00: 2026-01-27 03:51:20 +00:00: 
> dms@0.1.0 start
> next start

2026-01-27 03:51:20 +00:00: 2026-01-27 03:51:24 +00:00: 
> dms@0.1.0 start
> next start

2026-01-27 03:51:25 +00:00: 2026-01-27 03:51:29 +00:00: 
> dms@0.1.0 start
> next start

2026-01-27 03:51:29 +00:00: 2026-01-27 03:51:33 +00:00: 
> dms@0.1.0 start
> next start

2026-01-27 03:51:34 +00:00: 2026-01-27 03:51:38 +00:00: 
> dms@0.1.0 start
> next start

2026-01-27 03:51:38 +00:00: 2026-01-27 03:51:42 +00:00: 
> dms@0.1.0 start
> next start

2026-01-27 03:51:43 +00:00: 2026-01-27 03:51:47 +00:00: 
> dms@0.1.0 start
> next start

2026-01-27 03:51:47 +00:00: 2026-01-27 03:52:11 +00:00: 
> dms@0.1.0 start
> next start

2026-01-27 03:52:11 +00:00: 2026-01-27 03:52:15 +00:00: 
> dms@0.1.0 start
> next start

2026-01-27 03:52:15 +00:00: 2026-01-27 03:52:19 +00:00: 
> dms@0.1.0 start
> next start

2026-01-27 03:52:20 +00:00: 2026-01-27 03:52:24 +00:00: 
> dms@0.1.0 start
> next start

2026-01-27 03:52:24 +00:00: 2026-01-27 03:52:28 +00:00: 
> dms@0.1.0 start
> next start

2026-01-27 03:52:29 +00:00: 2026-01-27 03:52:33 +00:00: 
> dms@0.1.0 start
> next start

2026-01-27 03:52:33 +00:00: 2026-01-27 03:52:37 +00:00: 
> dms@0.1.0 start
> next start

2026-01-27 03:52:38 +00:00: 2026-01-27 03:52:42 +00:00: 
> dms@0.1.0 start
> next start

2026-01-27 03:52:42 +00:00: 2026-01-27 03:52:46 +00:00: 
> dms@0.1.0 start
> next start

2026-01-27 03:52:47 +00:00: 2026-01-27 03:52:51 +00:00: 
> dms@0.1.0 start
> next start

2026-01-27 03:52:51 +00:00: 2026-01-27 03:54:13 +00:00: 
> dms@0.1.0 start
> next start

2026-01-27 03:54:13 +00:00: 2026-01-27 03:54:18 +00:00: 
> dms@0.1.0 start
> next start

2026-01-27 03:54:18 +00:00: 2026-01-27 03:54:22 +00:00: 
> dms@0.1.0 start
> next start

2026-01-27 03:54:23 +00:00: 2026-01-27 03:54:27 +00:00: 
> dms@0.1.0 start
> next start

2026-01-27 03:54:27 +00:00: 2026-01-27 03:54:31 +00:00: 
> dms@0.1.0 start
> next start

2026-01-27 03:54:31 +00:00: 2026-01-27 03:54:36 +00:00: 
> dms@0.1.0 start
> next start

2026-01-27 03:54:36 +00:00: 2026-01-27 03:54:40 +00:00: 
> dms@0.1.0 start
> next start

2026-01-27 03:54:40 +00:00: 2026-01-27 03:54:45 +00:00: 
> dms@0.1.0 start
> next start

2026-01-27 03:54:45 +00:00: 2026-01-27 03:54:49 +00:00: 
> dms@0.1.0 start
> next start

2026-01-27 03:54:49 +00:00: 2026-01-27 03:54:53 +00:00: 
> dms@0.1.0 start
> next start

2026-01-27 03:54:54 +00:00: 2026-01-27 03:55:12 +00:00: 
> dms@0.1.0 start
> next start

2026-01-27 03:55:13 +00:00: 2026-01-27 03:55:17 +00:00: 
> dms@0.1.0 start
> next start

2026-01-27 03:55:17 +00:00: 2026-01-27 03:55:22 +00:00: 
> dms@0.1.0 start
> next start

2026-01-27 03:55:22 +00:00: 2026-01-27 03:55:26 +00:00: 
> dms@0.1.0 start
> next start

2026-01-27 03:55:26 +00:00: 2026-01-27 03:55:31 +00:00: 
> dms@0.1.0 start
> next start

2026-01-27 03:55:31 +00:00: 2026-01-27 03:55:35 +00:00: 
> dms@0.1.0 start
> next start

2026-01-27 03:55:35 +00:00: 2026-01-27 03:55:39 +00:00: 
> dms@0.1.0 start
> next start

2026-01-27 03:55:40 +00:00: 2026-01-27 03:55:44 +00:00: 
> dms@0.1.0 start
> next start

2026-01-27 03:55:44 +00:00: 2026-01-27 03:55:48 +00:00: 
> dms@0.1.0 start
> next start

2026-01-27 03:55:49 +00:00: 2026-01-27 03:55:53 +00:00: 
> dms@0.1.0 start
> next start

2026-01-27 03:55:53 +00:00: 2026-01-27 05:23:00 +00:00: 
> dms@0.1.0 start
> next start

2026-01-27 06:35:34 +00:00: 
> dms@0.1.0 start
> next start

2026-01-27 06:46:35 +00:00: 
> dms@0.1.0 start
> next start

2026-01-27 12:17:50 +00:00: 2026-01-27 12:17:50 +00:00: 
> dms@0.1.0 start
> next start

2026-01-27 12:17:56 +00:00: 
> dms@0.1.0 start
> next start

2026-01-27 12:17:57 +00:00: 2026-01-27 12:18:02 +00:00: 
> dms@0.1.0 start
> next start

2026-01-27 12:18:02 +00:00: 2026-01-27 12:18:06 +00:00: 
> dms@0.1.0 start
> next start

2026-01-27 12:18:07 +00:00: 2026-01-27 12:18:11 +00:00: 
> dms@0.1.0 start
> next start

2026-01-27 12:18:11 +00:00: 2026-01-27 12:18:15 +00:00: 
> dms@0.1.0 start
> next start

2026-01-27 12:18:16 +00:00: 2026-01-27 12:18:20 +00:00: 
> dms@0.1.0 start
> next start

2026-01-27 12:18:20 +00:00: 2026-01-27 12:18:25 +00:00: 
> dms@0.1.0 start
> next start

2026-01-27 12:18:25 +00:00: 2026-01-27 12:18:29 +00:00: 
> dms@0.1.0 start
> next start

2026-01-27 12:18:29 +00:00: 2026-01-27 12:18:33 +00:00: 
> dms@0.1.0 start
> next start

2026-01-27 12:18:34 +00:00: 2026-01-27 12:18:38 +00:00: 
> dms@0.1.0 start
> next start

2026-01-27 12:18:38 +00:00: 2026-01-27 12:37:46 +00:00: 
> dms@0.1.0 start
> next start

2026-01-27 12:37:46 +00:00: 2026-01-27 12:37:51 +00:00: 
> dms@0.1.0 start
> next start

2026-01-27 12:37:51 +00:00: 2026-01-27 12:37:55 +00:00: 
> dms@0.1.0 start
> next start

2026-01-27 12:37:55 +00:00: 2026-01-27 12:38:00 +00:00: 
> dms@0.1.0 start
> next start

2026-01-27 12:38:00 +00:00: 2026-01-27 12:38:04 +00:00: 
> dms@0.1.0 start
> next start

2026-01-27 12:38:04 +00:00: 2026-01-27 12:38:09 +00:00: 
> dms@0.1.0 start
> next start

2026-01-27 12:38:09 +00:00: 2026-01-27 12:38:13 +00:00: 
> dms@0.1.0 start
> next start

2026-01-27 12:38:13 +00:00: 2026-01-27 12:38:18 +00:00: 
> dms@0.1.0 start
> next start

2026-01-27 12:38:18 +00:00: 2026-01-27 12:38:22 +00:00: 
> dms@0.1.0 start
> next start

2026-01-27 12:38:22 +00:00: 2026-01-27 12:38:27 +00:00: 
> dms@0.1.0 start
> next start

2026-01-27 12:38:27 +00:00: 2026-01-27 13:05:12 +00:00: 
> dms@0.1.0 start
> next start

2026-01-27 13:05:13 +00:00: 2026-01-27 13:05:17 +00:00: 
> dms@0.1.0 start
> next start

2026-01-27 13:05:17 +00:00: 2026-01-27 13:05:21 +00:00: 
> dms@0.1.0 start
> next start

2026-01-27 13:05:22 +00:00: 2026-01-27 13:05:26 +00:00: 
> dms@0.1.0 start
> next start

2026-01-27 13:05:26 +00:00: 2026-01-27 13:05:30 +00:00: 
> dms@0.1.0 start
> next start

2026-01-27 13:05:31 +00:00: 2026-01-27 13:05:35 +00:00: 
> dms@0.1.0 start
> next start

2026-01-27 13:05:35 +00:00: 2026-01-27 13:05:39 +00:00: 
> dms@0.1.0 start
> next start

2026-01-27 13:05:40 +00:00: 2026-01-27 13:05:44 +00:00: 
> dms@0.1.0 start
> next start

2026-01-27 13:05:44 +00:00: 2026-01-27 13:05:48 +00:00: 
> dms@0.1.0 start
> next start

2026-01-27 13:05:49 +00:00: 2026-01-27 13:05:53 +00:00: 
> dms@0.1.0 start
> next start

2026-01-27 13:05:53 +00:00: 2026-01-27 13:13:03 +00:00: 
> dms@0.1.0 start
> next start

2026-01-27 13:13:03 +00:00: 2026-01-27 13:13:08 +00:00: 
> dms@0.1.0 start
> next start

2026-01-27 13:13:08 +00:00: 2026-01-27 13:13:12 +00:00: 
> dms@0.1.0 start
> next start

2026-01-27 13:13:12 +00:00: 2026-01-27 13:13:17 +00:00: 
> dms@0.1.0 start
> next start

2026-01-27 13:13:17 +00:00: 2026-01-27 13:13:21 +00:00: 
> dms@0.1.0 start
> next start

2026-01-27 13:13:21 +00:00: 2026-01-27 13:13:26 +00:00: 
> dms@0.1.0 start
> next start

2026-01-27 13:13:26 +00:00: 2026-01-27 13:13:30 +00:00: 
> dms@0.1.0 start
> next start

2026-01-27 13:13:31 +00:00: 2026-01-27 13:13:35 +00:00: 
> dms@0.1.0 start
> next start

2026-01-27 13:13:35 +00:00: 2026-01-27 13:13:39 +00:00: 
> dms@0.1.0 start
> next start

2026-01-27 13:13:40 +00:00: 2026-01-27 13:13:44 +00:00: 
> dms@0.1.0 start
> next start

2026-01-27 13:13:44 +00:00: 2026-01-27 13:21:46 +00:00: 
> dms@0.1.0 start
> next start

2026-01-27 13:21:47 +00:00: 2026-01-27 13:21:51 +00:00: 
> dms@0.1.0 start
> next start

2026-01-27 13:21:51 +00:00: 2026-01-27 13:21:55 +00:00: 
> dms@0.1.0 start
> next start

2026-01-27 13:21:56 +00:00: 2026-01-27 13:22:00 +00:00: 
> dms@0.1.0 start
> next start

2026-01-27 13:22:00 +00:00: 2026-01-27 13:22:05 +00:00: 
> dms@0.1.0 start
> next start

2026-01-27 13:22:05 +00:00: 2026-01-27 13:22:09 +00:00: 
> dms@0.1.0 start
> next start

2026-01-27 13:22:09 +00:00: 2026-01-27 13:22:14 +00:00: 
> dms@0.1.0 start
> next start

2026-01-27 13:22:14 +00:00: 2026-01-27 13:22:18 +00:00: 
> dms@0.1.0 start
> next start

2026-01-27 13:22:18 +00:00: 2026-01-27 13:22:23 +00:00: 
> dms@0.1.0 start
> next start

2026-01-27 13:22:23 +00:00: 2026-01-27 13:22:27 +00:00: 
> dms@0.1.0 start
> next start

2026-01-27 13:22:27 +00:00: 2026-01-27 13:40:02 +00:00: 
> dms@0.1.0 start
> next start

2026-01-27 13:40:03 +00:00: 2026-01-27 13:40:07 +00:00: 
> dms@0.1.0 start
> next start

2026-01-27 13:40:07 +00:00: 2026-01-27 13:40:12 +00:00: 
> dms@0.1.0 start
> next start

2026-01-27 13:40:12 +00:00: 2026-01-27 13:40:16 +00:00: 
> dms@0.1.0 start
> next start

2026-01-27 13:40:17 +00:00: 2026-01-27 13:40:21 +00:00: 
> dms@0.1.0 start
> next start

2026-01-27 13:40:21 +00:00: 2026-01-27 13:40:26 +00:00: 
> dms@0.1.0 start
> next start

2026-01-27 13:40:26 +00:00: 2026-01-27 13:40:30 +00:00: 
> dms@0.1.0 start
> next start

2026-01-27 13:40:30 +00:00: 2026-01-27 13:40:35 +00:00: 
> dms@0.1.0 start
> next start

2026-01-27 13:40:35 +00:00: 2026-01-27 13:40:39 +00:00: 
> dms@0.1.0 start
> next start

2026-01-27 13:40:39 +00:00: 2026-01-27 13:40:44 +00:00: 
> dms@0.1.0 start
> next start

2026-01-27 13:40:44 +00:00: 2026-01-27 13:52:32 +00:00: 
> dms@0.1.0 start
> next start

2026-01-27 13:52:32 +00:00: 2026-01-27 13:52:36 +00:00: 
> dms@0.1.0 start
> next start

2026-01-27 13:52:36 +00:00: 2026-01-27 13:52:40 +00:00: 
> dms@0.1.0 start
> next start

2026-01-27 13:52:41 +00:00: 2026-01-27 13:52:45 +00:00: 
> dms@0.1.0 start
> next start

2026-01-27 13:52:45 +00:00: 2026-01-27 13:52:49 +00:00: 
> dms@0.1.0 start
> next start

2026-01-27 13:52:50 +00:00: 2026-01-27 13:52:54 +00:00: 
> dms@0.1.0 start
> next start

2026-01-27 13:52:54 +00:00: 2026-01-27 13:52:58 +00:00: 
> dms@0.1.0 start
> next start

2026-01-27 13:52:58 +00:00: 2026-01-27 13:53:03 +00:00: 
> dms@0.1.0 start
> next start

2026-01-27 13:53:03 +00:00: 2026-01-27 13:53:07 +00:00: 
> dms@0.1.0 start
> next start

2026-01-27 13:53:08 +00:00: 2026-01-27 13:53:12 +00:00: 
> dms@0.1.0 start
> next start

2026-01-27 13:53:12 +00:00: 2026-01-27 14:07:55 +00:00: 
> dms@0.1.0 start
> next start

2026-01-27 14:07:55 +00:00: 2026-01-27 14:07:59 +00:00: 
> dms@0.1.0 start
> next start

2026-01-27 14:08:00 +00:00: 2026-01-27 14:08:04 +00:00: 
> dms@0.1.0 start
> next start

2026-01-27 14:08:04 +00:00: 2026-01-27 14:08:09 +00:00: 
> dms@0.1.0 start
> next start

2026-01-27 14:08:09 +00:00: 2026-01-27 14:08:13 +00:00: 
> dms@0.1.0 start
> next start

2026-01-27 14:08:13 +00:00: 2026-01-27 14:08:18 +00:00: 
> dms@0.1.0 start
> next start

2026-01-27 14:08:18 +00:00: 2026-01-27 14:08:22 +00:00: 
> dms@0.1.0 start
> next start

2026-01-27 14:08:22 +00:00: 2026-01-27 14:08:26 +00:00: 
> dms@0.1.0 start
> next start

2026-01-27 14:08:27 +00:00: 2026-01-27 14:08:31 +00:00: 
> dms@0.1.0 start
> next start

2026-01-27 14:08:31 +00:00: 2026-01-27 14:08:35 +00:00: 
> dms@0.1.0 start
> next start

2026-01-27 14:08:36 +00:00: 2026-01-27 14:35:29 +00:00: 
> dms@0.1.0 start
> next start

2026-01-27 14:35:29 +00:00: 2026-01-27 14:35:33 +00:00: 
> dms@0.1.0 start
> next start

2026-01-27 14:35:34 +00:00: 2026-01-27 14:35:38 +00:00: 
> dms@0.1.0 start
> next start

2026-01-27 14:35:38 +00:00: 2026-01-27 14:35:43 +00:00: 
> dms@0.1.0 start
> next start

2026-01-27 14:35:43 +00:00: 2026-01-27 14:35:47 +00:00: 
> dms@0.1.0 start
> next start

2026-01-27 14:35:47 +00:00: 2026-01-27 14:35:52 +00:00: 
> dms@0.1.0 start
> next start

2026-01-27 14:35:52 +00:00: 2026-01-27 14:35:56 +00:00: 
> dms@0.1.0 start
> next start

2026-01-27 14:35:56 +00:00: 2026-01-27 14:36:01 +00:00: 
> dms@0.1.0 start
> next start

2026-01-27 14:36:01 +00:00: 2026-01-27 14:36:05 +00:00: 
> dms@0.1.0 start
> next start

2026-01-27 14:36:05 +00:00: 2026-01-27 14:36:10 +00:00: 
> dms@0.1.0 start
> next start

2026-01-27 14:36:10 +00:00: 2026-01-27 15:00:43 +00:00: 
> dms@0.1.0 start
> next start

2026-01-27 15:00:43 +00:00: 2026-01-27 15:00:48 +00:00: 
> dms@0.1.0 start
> next start

2026-01-27 15:00:48 +00:00: 2026-01-27 15:00:52 +00:00: 
> dms@0.1.0 start
> next start

2026-01-27 15:00:52 +00:00: 2026-01-27 15:00:57 +00:00: 
> dms@0.1.0 start
> next start

2026-01-27 15:00:57 +00:00: 2026-01-27 15:01:01 +00:00: 
> dms@0.1.0 start
> next start

2026-01-27 15:01:02 +00:00: 2026-01-27 15:01:07 +00:00: 
> dms@0.1.0 start
> next start

2026-01-27 15:01:07 +00:00: 2026-01-27 15:01:11 +00:00: 
> dms@0.1.0 start
> next start

2026-01-27 15:01:12 +00:00: 2026-01-27 15:01:16 +00:00: 
> dms@0.1.0 start
> next start

2026-01-27 15:01:16 +00:00: 2026-01-27 15:01:20 +00:00: 
> dms@0.1.0 start
> next start

2026-01-27 15:01:21 +00:00: 2026-01-27 15:01:25 +00:00: 
> dms@0.1.0 start
> next start

2026-01-27 15:01:25 +00:00: 2026-01-27 15:01:40 +00:00: 
> dms@0.1.0 start
> next start

2026-01-27 15:01:41 +00:00: 2026-01-27 15:01:46 +00:00: 
> dms@0.1.0 start
> next start

2026-01-27 15:01:46 +00:00: 2026-01-27 15:01:50 +00:00: 
> dms@0.1.0 start
> next start

2026-01-27 15:01:51 +00:00: 2026-01-27 15:01:55 +00:00: 
> dms@0.1.0 start
> next start

2026-01-27 15:01:56 +00:00: 2026-01-27 15:02:00 +00:00: 
> dms@0.1.0 start
> next start

2026-01-27 15:02:01 +00:00: 2026-01-27 15:02:05 +00:00: 
> dms@0.1.0 start
> next start

2026-01-27 15:02:06 +00:00: 2026-01-27 15:26:44 +00:00: 2026-01-27 15:26:45 +00:00: 
> dms@0.1.0 start
> next start

2026-01-27 17:15:26 +00:00: 2026-01-27 17:15:26 +00:00: 
> dms@0.1.0 start
> next start

