2026-01-26 20:52:18 +00:00: 2026-01-26 20:52:23 +00:00: 2026-01-26 20:52:27 +00:00: 2026-01-26 20:52:32 +00:00: 2026-01-26 20:52:36 +00:00: 2026-01-26 20:52:41 +00:00: 2026-01-26 20:52:45 +00:00: 2026-01-26 20:52:49 +00:00: 2026-01-26 20:52:54 +00:00: 2026-01-26 20:52:58 +00:00: 2026-01-26 20:54:26 +00:00: 2026-01-26 20:54:30 +00:00: 2026-01-26 20:54:35 +00:00: 2026-01-26 20:54:39 +00:00: 2026-01-26 20:54:44 +00:00: 2026-01-26 20:54:48 +00:00: 2026-01-26 20:54:52 +00:00: 2026-01-26 20:54:57 +00:00: 2026-01-26 20:55:02 +00:00: 2026-01-26 20:55:06 +00:00: 2026-01-27 03:16:50 +00:00: 2026-01-27 03:16:54 +00:00: 2026-01-27 03:16:58 +00:00: 2026-01-27 03:17:03 +00:00: 2026-01-27 03:17:07 +00:00: 2026-01-27 03:17:12 +00:00: 2026-01-27 03:17:16 +00:00: 2026-01-27 03:17:21 +00:00: 2026-01-27 03:17:25 +00:00: 2026-01-27 03:17:30 +00:00: 2026-01-27 03:18:48 +00:00: 2026-01-27 03:18:53 +00:00: 2026-01-27 03:18:57 +00:00: 2026-01-27 03:19:02 +00:00: 2026-01-27 03:19:07 +00:00: 2026-01-27 03:19:11 +00:00: 2026-01-27 03:19:16 +00:00: 2026-01-27 03:19:20 +00:00: 2026-01-27 03:19:25 +00:00: 2026-01-27 03:19:29 +00:00: 2026-01-27 03:25:05 +00:00: 2026-01-27 03:25:09 +00:00: 2026-01-27 03:25:14 +00:00: 2026-01-27 03:25:18 +00:00: 2026-01-27 03:25:23 +00:00: 2026-01-27 03:25:27 +00:00: 2026-01-27 03:25:32 +00:00: 2026-01-27 03:25:36 +00:00: 2026-01-27 03:25:41 +00:00: 2026-01-27 03:25:45 +00:00: 2026-01-27 03:26:36 +00:00: 2026-01-27 03:26:40 +00:00: 2026-01-27 03:26:44 +00:00: 2026-01-27 03:26:49 +00:00: 2026-01-27 03:26:53 +00:00: 2026-01-27 03:26:58 +00:00: 2026-01-27 03:27:02 +00:00: 2026-01-27 03:27:07 +00:00: 2026-01-27 03:27:11 +00:00: 2026-01-27 03:27:16 +00:00: 2026-01-27 03:27:54 +00:00: 2026-01-27 03:27:58 +00:00: 2026-01-27 03:28:02 +00:00: 2026-01-27 03:28:07 +00:00: 2026-01-27 03:28:11 +00:00: 2026-01-27 03:28:16 +00:00: 2026-01-27 03:28:20 +00:00: 2026-01-27 03:28:25 +00:00: 2026-01-27 03:28:29 +00:00: 2026-01-27 03:28:34 +00:00: 2026-01-27 03:29:07 +00:00: 2026-01-27 03:29:11 +00:00: 2026-01-27 03:29:15 +00:00: 2026-01-27 03:29:20 +00:00: 2026-01-27 03:29:24 +00:00: 2026-01-27 03:29:29 +00:00: 2026-01-27 03:29:33 +00:00: 2026-01-27 03:29:38 +00:00: 2026-01-27 03:29:42 +00:00: 2026-01-27 03:29:47 +00:00: 2026-01-27 03:30:35 +00:00: 2026-01-27 03:30:39 +00:00: 2026-01-27 03:30:44 +00:00: 2026-01-27 03:30:48 +00:00: 2026-01-27 03:30:53 +00:00: 2026-01-27 03:30:57 +00:00: 2026-01-27 03:31:02 +00:00: 2026-01-27 03:31:06 +00:00: 2026-01-27 03:31:11 +00:00: 2026-01-27 15:02:08 +00:00: 2026-01-27 15:02:13 +00:00: 2026-01-27 15:02:17 +00:00: 2026-01-27 15:02:22 +00:00: 2026-01-27 15:02:27 +00:00: 2026-01-27 15:02:32 +00:00: 2026-01-27 15:02:36 +00:00: 2026-01-27 15:02:41 +00:00: 2026-01-27 15:02:46 +00:00: 2026-01-27 15:02:50 +00:00: 2026-01-27 15:06:37 +00:00: 2026-01-27 15:06:42 +00:00: 2026-01-27 15:06:47 +00:00: 2026-01-27 15:06:52 +00:00: 2026-01-27 15:06:57 +00:00: 2026-01-27 15:07:03 +00:00: 2026-01-27 15:07:08 +00:00: 2026-01-27 15:07:13 +00:00: 2026-01-27 15:07:17 +00:00: 2026-01-27 15:07:22 +00:00: 2026-01-27 15:08:10 +00:00: 2026-01-27 15:08:15 +00:00: 2026-01-27 15:08:20 +00:00: 2026-01-27 15:08:25 +00:00: 2026-01-27 15:08:29 +00:00: 2026-01-27 15:08:34 +00:00: 2026-01-27 15:08:39 +00:00: 2026-01-27 15:08:44 +00:00: 2026-01-27 15:08:48 +00:00: 2026-01-27 15:08:53 +00:00: 2026-01-27 15:23:00 +00:00: 2026-01-27 15:23:05 +00:00: 2026-01-27 15:23:10 +00:00: 2026-01-27 15:23:14 +00:00: 2026-01-27 15:23:19 +00:00: 2026-01-27 15:23:23 +00:00: 2026-01-27 15:23:28 +00:00: 2026-01-27 15:23:32 +00:00: 2026-01-27 15:23:37 +00:00: 2026-01-27 15:23:41 +00:00: 2026-01-30 10:04:00 +00:00:  тип Failed to start server
2026-01-30 10:04:00 +00:00: Error: listen EADDRINUSE: address already in use :::3000
2026-01-30 10:04:00 +00:00:     at <unknown> (Error: listen EADDRINUSE: address already in use :::3000)
2026-01-30 10:04:00 +00:00:     at new Promise (<anonymous>) {
2026-01-30 10:04:00 +00:00:   code: 'EADDRINUSE',
2026-01-30 10:04:00 +00:00:   errno: -98,
2026-01-30 10:04:00 +00:00:   syscall: 'listen',
2026-01-30 10:04:00 +00:00:   address: '::',
2026-01-30 10:04:00 +00:00:   port: 3000
2026-01-30 10:04:00 +00:00: }
2026-01-30 10:04:05 +00:00:  тип Failed to start server
2026-01-30 10:04:05 +00:00: Error: listen EADDRINUSE: address already in use :::3000
2026-01-30 10:04:05 +00:00:     at <unknown> (Error: listen EADDRINUSE: address already in use :::3000)
2026-01-30 10:04:05 +00:00:     at new Promise (<anonymous>) {
2026-01-30 10:04:05 +00:00:   code: 'EADDRINUSE',
2026-01-30 10:04:05 +00:00:   errno: -98,
2026-01-30 10:04:05 +00:00:   syscall: 'listen',
2026-01-30 10:04:05 +00:00:   address: '::',
2026-01-30 10:04:05 +00:00:   port: 3000
2026-01-30 10:04:05 +00:00: }
2026-01-30 10:04:09 +00:00:  тип Failed to start server
2026-01-30 10:04:09 +00:00: Error: listen EADDRINUSE: address already in use :::3000
2026-01-30 10:04:09 +00:00:     at <unknown> (Error: listen EADDRINUSE: address already in use :::3000)
2026-01-30 10:04:09 +00:00:     at new Promise (<anonymous>) {
2026-01-30 10:04:09 +00:00:   code: 'EADDRINUSE',
2026-01-30 10:04:09 +00:00:   errno: -98,
2026-01-30 10:04:09 +00:00:   syscall: 'listen',
2026-01-30 10:04:09 +00:00:   address: '::',
2026-01-30 10:04:09 +00:00:   port: 3000
2026-01-30 10:04:09 +00:00: }
