2026-01-30 10:03:39 +00:00: === Production Start Script ===
2026-01-30 10:03:39 +00:00: Checking for build artifacts...
2026-01-30 10:03:39 +00:00: Build artifacts verified (1 CSS files found)
2026-01-30 10:03:39 +00:00: Pre-start checks completed
2026-01-30 10:03:39 +00:00: Starting Next.js server...
2026-01-30 10:03:39 +00:00: 
2026-01-30 10:03:39 +00:00: > dms@0.1.0 start
2026-01-30 10:03:39 +00:00: > next start
2026-01-30 10:03:39 +00:00: 
2026-01-30 10:03:43 +00:00: === Production Start Script ===
2026-01-30 10:03:43 +00:00: Checking for build artifacts...
2026-01-30 10:03:43 +00:00: Build artifacts verified (1 CSS files found)
2026-01-30 10:03:43 +00:00: Pre-start checks completed
2026-01-30 10:03:43 +00:00: Starting Next.js server...
2026-01-30 10:03:44 +00:00: 
2026-01-30 10:03:44 +00:00: > dms@0.1.0 start
2026-01-30 10:03:44 +00:00: > next start
2026-01-30 10:03:44 +00:00: 
2026-01-30 10:03:48 +00:00: === Production Start Script ===
2026-01-30 10:03:48 +00:00: Checking for build artifacts...
2026-01-30 10:03:48 +00:00: Build artifacts verified (1 CSS files found)
2026-01-30 10:03:48 +00:00: Pre-start checks completed
2026-01-30 10:03:48 +00:00: Starting Next.js server...
2026-01-30 10:03:48 +00:00: 
2026-01-30 10:03:48 +00:00: > dms@0.1.0 start
2026-01-30 10:03:48 +00:00: > next start
2026-01-30 10:03:48 +00:00: 
2026-01-30 10:03:52 +00:00: === Production Start Script ===
2026-01-30 10:03:52 +00:00: Checking for build artifacts...
2026-01-30 10:03:52 +00:00: Build artifacts verified (1 CSS files found)
2026-01-30 10:03:52 +00:00: Pre-start checks completed
2026-01-30 10:03:52 +00:00: Starting Next.js server...
2026-01-30 10:03:52 +00:00: 
2026-01-30 10:03:52 +00:00: > dms@0.1.0 start
2026-01-30 10:03:52 +00:00: > next start
2026-01-30 10:03:52 +00:00: 
2026-01-30 10:03:57 +00:00: === Production Start Script ===
2026-01-30 10:03:57 +00:00: Checking for build artifacts...
2026-01-30 10:03:57 +00:00: Build artifacts verified (1 CSS files found)
2026-01-30 10:03:57 +00:00: Pre-start checks completed
2026-01-30 10:03:57 +00:00: Starting Next.js server...
2026-01-30 10:03:57 +00:00: 
2026-01-30 10:03:57 +00:00: > dms@0.1.0 start
2026-01-30 10:03:57 +00:00: > next start
2026-01-30 10:03:57 +00:00: 
