2026-01-30 10:03:39 +00:00:  ⨯ Failed to start server
2026-01-30 10:03:39 +00:00: Error: listen EADDRINUSE: address already in use :::3000
2026-01-30 10:03:39 +00:00:     at <unknown> (Error: listen EADDRINUSE: address already in use :::3000)
2026-01-30 10:03:39 +00:00:     at new Promise (<anonymous>) {
2026-01-30 10:03:39 +00:00:   code: 'EADDRINUSE',
2026-01-30 10:03:39 +00:00:   errno: -98,
2026-01-30 10:03:39 +00:00:   syscall: 'listen',
2026-01-30 10:03:39 +00:00:   address: '::',
2026-01-30 10:03:39 +00:00:   port: 3000
2026-01-30 10:03:39 +00:00: }
2026-01-30 10:03:44 +00:00:  ⨯ Failed to start server
2026-01-30 10:03:44 +00:00: Error: listen EADDRINUSE: address already in use :::3000
2026-01-30 10:03:44 +00:00:     at <unknown> (Error: listen EADDRINUSE: address already in use :::3000)
2026-01-30 10:03:44 +00:00:     at new Promise (<anonymous>) {
2026-01-30 10:03:44 +00:00:   code: 'EADDRINUSE',
2026-01-30 10:03:44 +00:00:   errno: -98,
2026-01-30 10:03:44 +00:00:   syscall: 'listen',
2026-01-30 10:03:44 +00:00:   address: '::',
2026-01-30 10:03:44 +00:00:   port: 3000
2026-01-30 10:03:44 +00:00: }
2026-01-30 10:03:48 +00:00:  ⨯ Failed to start server
2026-01-30 10:03:48 +00:00: Error: listen EADDRINUSE: address already in use :::3000
2026-01-30 10:03:48 +00:00:     at <unknown> (Error: listen EADDRINUSE: address already in use :::3000)
2026-01-30 10:03:48 +00:00:     at new Promise (<anonymous>) {
2026-01-30 10:03:48 +00:00:   code: 'EADDRINUSE',
2026-01-30 10:03:48 +00:00:   errno: -98,
2026-01-30 10:03:48 +00:00:   syscall: 'listen',
2026-01-30 10:03:48 +00:00:   address: '::',
2026-01-30 10:03:48 +00:00:   port: 3000
2026-01-30 10:03:48 +00:00: }
2026-01-30 10:03:53 +00:00:  ⨯ Failed to start server
2026-01-30 10:03:53 +00:00: Error: listen EADDRINUSE: address already in use :::3000
2026-01-30 10:03:53 +00:00:     at <unknown> (Error: listen EADDRINUSE: address already in use :::3000)
2026-01-30 10:03:53 +00:00:     at new Promise (<anonymous>) {
2026-01-30 10:03:53 +00:00:   code: 'EADDRINUSE',
2026-01-30 10:03:53 +00:00:   errno: -98,
2026-01-30 10:03:53 +00:00:   syscall: 'listen',
2026-01-30 10:03:53 +00:00:   address: '::',
2026-01-30 10:03:53 +00:00:   port: 3000
2026-01-30 10:03:53 +00:00: }
2026-01-30 10:03:57 +00:00:  ⨯ Failed to start server
2026-01-30 10:03:57 +00:00: Error: listen EADDRINUSE: address already in use :::3000
2026-01-30 10:03:57 +00:00:     at <unknown> (Error: listen EADDRINUSE: address already in use :::3000)
2026-01-30 10:03:57 +00:00:     at new Promise (<anonymous>) {
2026-01-30 10:03:57 +00:00:   code: 'EADDRINUSE',
2026-01-30 10:03:57 +00:00:   errno: -98,
2026-01-30 10:03:57 +00:00:   syscall: 'listen',
2026-01-30 10:03:57 +00:00:   address: '::',
2026-01-30 10:03:57 +00:00:   port: 3000
2026-01-30 10:03:57 +00:00: }
